android/app/build/outputs/mapping/release/seeds.txt
com.vorb.MainActivity
com.vorb.MainActivity: MainActivity()
com.vorb.MainApplication
com.vorb.MainApplication: MainApplication()
com.vorb.R$anim: int abc_fade_in
com.vorb.R$anim: int abc_fade_out
com.vorb.R$anim: int abc_grow_fade_in_from_bottom
com.vorb.R$anim: int abc_popup_enter
com.vorb.R$anim: int abc_popup_exit
com.vorb.R$anim: int abc_shrink_fade_out_from_bottom
com.vorb.R$anim: int abc_slide_in_bottom
com.vorb.R$anim: int abc_slide_in_top
com.vorb.R$anim: int abc_slide_out_bottom
com.vorb.R$anim: int abc_slide_out_top
com.vorb.R$anim: int abc_tooltip_enter
com.vorb.R$anim: int abc_tooltip_exit
com.vorb.R$anim: int catalyst_fade_in
com.vorb.R$anim: int catalyst_fade_out
com.vorb.R$anim: int catalyst_push_up_in
com.vorb.R$anim: int catalyst_push_up_out
com.vorb.R$anim: int catalyst_slide_down
com.vorb.R$anim: int catalyst_slide_up
com.vorb.R$attr: int actionBarDivider
com.vorb.R$attr: int actionBarItemBackground
com.vorb.R$attr: int actionBarPopupTheme
com.vorb.R$attr: int actionBarSize
com.vorb.R$attr: int actionBarSplitStyle
com.vorb.R$attr: int actionBarStyle
com.vorb.R$attr: int actionBarTabBarStyle
com.vorb.R$attr: int actionBarTabStyle
com.vorb.R$attr: int actionBarTabTextStyle
com.vorb.R$attr: int actionBarTheme
com.vorb.R$attr: int actionBarWidgetTheme
com.vorb.R$attr: int actionButtonStyle
com.vorb.R$attr: int actionDropDownStyle
com.vorb.R$attr: int actionLayout
com.vorb.R$attr: int actionMenuTextAppearance
com.vorb.R$attr: int actionMenuTextColor
com.vorb.R$attr: int actionModeBackground
com.vorb.R$attr: int actionModeCloseButtonStyle
com.vorb.R$attr: int actionModeCloseDrawable
com.vorb.R$attr: int actionModeCopyDrawable
com.vorb.R$attr: int actionModeCutDrawable
com.vorb.R$attr: int actionModeFindDrawable
com.vorb.R$attr: int actionModePasteDrawable
com.vorb.R$attr: int actionModePopupWindowStyle
com.vorb.R$attr: int actionModeSelectAllDrawable
com.vorb.R$attr: int actionModeShareDrawable
com.vorb.R$attr: int actionModeSplitBackground
com.vorb.R$attr: int actionModeStyle
com.vorb.R$attr: int actionModeWebSearchDrawable
com.vorb.R$attr: int actionOverflowButtonStyle
com.vorb.R$attr: int actionOverflowMenuStyle
com.vorb.R$attr: int actionProviderClass
com.vorb.R$attr: int actionViewClass
com.vorb.R$attr: int activityChooserViewStyle
com.vorb.R$attr: int actualImageResource
com.vorb.R$bool: int abc_action_bar_embed_tabs
com.vorb.R$bool: int abc_allow_stacked_button_bar
com.vorb.R$bool: int abc_config_actionMenuItemAllCaps
com.vorb.R$color: int abc_background_cache_hint_selector_material_dark
com.vorb.R$color: int abc_background_cache_hint_selector_material_light
com.vorb.R$color: int abc_btn_colored_borderless_text_material
com.vorb.R$color: int abc_btn_colored_text_material
com.vorb.R$color: int abc_color_highlight_material
com.vorb.R$color: int abc_hint_foreground_material_dark
com.vorb.R$color: int abc_hint_foreground_material_light
com.vorb.R$color: int abc_input_method_navigation_guard
com.vorb.R$color: int abc_primary_text_disable_only_material_dark
com.vorb.R$color: int abc_primary_text_disable_only_material_light
com.vorb.R$color: int abc_primary_text_material_dark
com.vorb.R$color: int abc_primary_text_material_light
com.vorb.R$color: int abc_search_url_text
com.vorb.R$color: int abc_search_url_text_normal
com.vorb.R$color: int abc_search_url_text_pressed
com.vorb.R$color: int abc_search_url_text_selected
com.vorb.R$color: int abc_secondary_text_material_dark
com.vorb.R$color: int abc_secondary_text_material_light
com.vorb.R$color: int abc_tint_btn_checkable
com.vorb.R$color: int abc_tint_default
com.vorb.R$color: int abc_tint_edittext
com.vorb.R$color: int abc_tint_seek_thumb
com.vorb.R$color: int abc_tint_spinner
com.vorb.R$color: int abc_tint_switch_track
com.vorb.R$color: int accent_material_dark
com.vorb.R$color: int accent_material_light
com.vorb.R$color: int background_floating_material_dark
com.vorb.R$color: int background_floating_material_light
...
android.support.v7.widget.Toolbar
android.support.v7.widget.Toolbar: Toolbar(android.content.Context)
android.support.v7.widget.Toolbar: Toolbar(android.content.Context,android.util.AttributeSet)
android.support.v7.widget.Toolbar: Toolbar(android.content.Context,android.util.AttributeSet,int)
android.support.v7.widget.Toolbar: void setPopupTheme(int)
android.support.v7.widget.Toolbar: int getPopupTheme()
android.support.v7.widget.Toolbar: int getTitleMarginStart()
android.support.v7.widget.Toolbar: void setTitleMarginStart(int)
android.support.v7.widget.Toolbar: int getTitleMarginTop()
android.support.v7.widget.Toolbar: void setTitleMarginTop(int)
android.support.v7.widget.Toolbar: int getTitleMarginEnd()
android.support.v7.widget.Toolbar: void setTitleMarginEnd(int)
android.support.v7.widget.Toolbar: int getTitleMarginBottom()
android.support.v7.widget.Toolbar: void setTitleMarginBottom(int)
android.support.v7.widget.Toolbar: void setLogo(int)
android.support.v7.widget.Toolbar: void setLogo(android.graphics.drawable.Drawable)
android.support.v7.widget.Toolbar: android.graphics.drawable.Drawable getLogo()
android.support.v7.widget.Toolbar: void setLogoDescription(int)
android.support.v7.widget.Toolbar: void setLogoDescription(java.lang.CharSequence)
android.support.v7.widget.Toolbar: java.lang.CharSequence getLogoDescription()
android.support.v7.widget.Toolbar: java.lang.CharSequence getTitle()
android.support.v7.widget.Toolbar: void setTitle(int)
android.support.v7.widget.Toolbar$SavedState: android.os.Parcelable$Creator CREATOR
android.support.v7.widget.ViewStubCompat
android.support.v7.widget.ViewStubCompat: ViewStubCompat(android.content.Context,android.util.AttributeSet)
android.support.v7.widget.ViewStubCompat: ViewStubCompat(android.content.Context,android.util.AttributeSet,int)
android.support.v7.widget.ViewStubCompat: int getInflatedId()
android.support.v7.widget.ViewStubCompat: void setInflatedId(int)
android.support.v7.widget.ViewStubCompat: int getLayoutResource()
android.support.v7.widget.ViewStubCompat: void setLayoutResource(int)
android.support.v7.widget.ViewStubCompat: void setLayoutInflater(android.view.LayoutInflater)
android.support.v7.widget.ViewStubCompat: android.view.LayoutInflater getLayoutInflater()
android.support.v7.widget.ViewStubCompat: void setVisibility(int)
android.support.v7.widget.ViewStubCompat: void setOnInflateListener(android.support.v7.widget.ViewStubCompat$OnInflateListener)
androidx.core.graphics.drawable.IconCompatParcelizer
androidx.core.graphics.drawable.IconCompatParcelizer: IconCompatParcelizer()
androidx.core.graphics.drawable.IconCompatParcelizer: android.support.v4.graphics.drawable.IconCompat read(androidx.versionedparcelable.VersionedParcel)
androidx.core.graphics.drawable.IconCompatParcelizer: void write(android.support.v4.graphics.drawable.IconCompat,androidx.versionedparcelable.VersionedParcel)
androidx.versionedparcelable.CustomVersionedParcelable
androidx.versionedparcelable.ParcelImpl
androidx.versionedparcelable.ParcelImpl: android.os.Parcelable$Creator CREATOR
com.facebook.cache.common.CacheErrorLogger$CacheErrorCategory: com.facebook.cache.common.CacheErrorLogger$CacheErrorCategory[] values()
com.facebook.cache.common.CacheErrorLogger$CacheErrorCategory: com.facebook.cache.common.CacheErrorLogger$CacheErrorCategory valueOf(java.lang.String)
com.facebook.cache.common.CacheEventListener$EvictionReason: com.facebook.cache.common.CacheEventListener$EvictionReason[] values()
com.facebook.cache.common.CacheEventListener$EvictionReason: com.facebook.cache.common.CacheEventListener$EvictionReason valueOf(java.lang.String)
com.facebook.common.internal.DoNotStrip
com.facebook.common.memory.MemoryTrimType: com.facebook.common.memory.MemoryTrimType[] values()
com.facebook.common.memory.MemoryTrimType: com.facebook.common.memory.MemoryTrimType valueOf(java.lang.String)