android/app/build/outputs/mapping/release/mapping.txt
com.vorb.MainActivity -> com.vorb.MainActivity:
    void <init>() -> <init>
    java.lang.String getMainComponentName() -> a
    com.facebook.react.ReactActivityDelegate createReactActivityDelegate() -> b
com.vorb.MainActivity$1 -> com.vorb.MainActivity$1:
    com.vorb.MainActivity this$0 -> a
    void <init>(com.vorb.MainActivity,android.app.Activity,java.lang.String) -> <init>
    com.facebook.react.ReactRootView createRootView() -> b
com.vorb.MainApplication -> com.vorb.MainApplication:
    com.facebook.react.ReactNativeHost mReactNativeHost -> a
    void <init>() -> <init>
    com.facebook.react.ReactNativeHost getReactNativeHost() -> a
    void onCreate() -> onCreate
com.vorb.MainApplication$1 -> com.vorb.MainApplication$1:
    com.vorb.MainApplication this$0 -> a
    void <init>(com.vorb.MainApplication,android.app.Application) -> <init>
    boolean getUseDeveloperSupport() -> k
    java.util.List getPackages() -> l
    java.lang.String getJSMainModuleName() -> h
...
android.support.v4.text.TextUtilsCompat -> android.support.v4.e.c:
    java.util.Locale ROOT -> a
    int getLayoutDirectionFromLocale(java.util.Locale) -> a
    int getLayoutDirectionFromFirstChar(java.util.Locale) -> b
    void <clinit>() -> <clinit>
android.support.v4.util.ArrayMap -> android.support.v4.util.a:
    android.support.v4.util.MapCollections mCollections -> a
    void <init>() -> <init>
    void <init>(int) -> <init>
    android.support.v4.util.MapCollections getCollection() -> b
    void putAll(java.util.Map) -> putAll
    boolean retainAll(java.util.Collection) -> a
    java.util.Set entrySet() -> entrySet
    java.util.Set keySet() -> keySet
    java.util.Collection values() -> values
android.support.v4.util.ArrayMap$1 -> android.support.v4.util.a$1:
    android.support.v4.util.ArrayMap this$0 -> a
    void <init>(android.support.v4.util.ArrayMap) -> <init>
    int colGetSize() -> a
    java.lang.Object colGetEntry(int,int) -> a
    int colIndexOfKey(java.lang.Object) -> a
    int colIndexOfValue(java.lang.Object) -> b
    java.util.Map colGetMap() -> b
    void colPut(java.lang.Object,java.lang.Object) -> a
    java.lang.Object colSetValue(int,java.lang.Object) -> a
    void colRemoveAt(int) -> a
    void colClear() -> c
android.support.v4.util.ArraySet -> android.support.v4.util.b:
    int[] INT -> c
    java.lang.Object[] OBJECT -> d
    java.lang.Object[] sBaseCache -> e
    int sBaseCacheSize -> f
    java.lang.Object[] sTwiceBaseCache -> g
    int sTwiceBaseCacheSize -> h
    int[] mHashes -> i
    java.lang.Object[] mArray -> a
    int mSize -> b
    android.support.v4.util.MapCollections mCollections -> j
    int indexOf(java.lang.Object,int) -> a
    int indexOfNull() -> a
    void allocArrays(int) -> d
    void freeArrays(int[],java.lang.Object[],int) -> a
    void <init>() -> <init>
    void <init>(int) -> <init>
    void clear() -> clear
    void ensureCapacity(int) -> a
    boolean contains(java.lang.Object) -> contains
    int indexOf(java.lang.Object) -> a
    java.lang.Object valueAt(int) -> b
    boolean isEmpty() -> isEmpty
    boolean add(java.lang.Object) -> add
    boolean remove(java.lang.Object) -> remove
    java.lang.Object removeAt(int) -> c
    int size() -> size
    java.lang.Object[] toArray() -> toArray
    java.lang.Object[] toArray(java.lang.Object[]) -> toArray
    boolean equals(java.lang.Object) -> equals
    int hashCode() -> hashCode
    java.lang.String toString() -> toString
    android.support.v4.util.MapCollections getCollection() -> b
    java.util.Iterator iterator() -> iterator
    boolean containsAll(java.util.Collection) -> containsAll
    boolean addAll(java.util.Collection) -> addAll
    boolean removeAll(java.util.Collection) -> removeAll
android.support.v4.util.ArraySet$1 -> android.support.v4.util.b$1:
    android.support.v4.util.ArraySet this$0 -> a
    void <init>(android.support.v4.util.ArraySet) -> <init>
    int colGetSize() -> a
    java.lang.Object colGetEntry(int,int) -> a
    int colIndexOfKey(java.lang.Object) -> a
    int colIndexOfValue(java.lang.Object) -> b
    java.util.Map colGetMap() -> b
    void colPut(java.lang.Object,java.lang.Object) -> a
    java.lang.Object colSetValue(int,java.lang.Object) -> a
    void colRemoveAt(int) -> a
    void colClear() -> c
android.support.v4.util.ContainerHelpers -> android.support.v4.util.c:
    int[] EMPTY_INTS -> a
    long[] EMPTY_LONGS -> b
    java.lang.Object[] EMPTY_OBJECTS -> c
    int idealIntArraySize(int) -> a
    int idealLongArraySize(int) -> b
    int idealByteArraySize(int) -> c
    boolean equal(java.lang.Object,java.lang.Object) -> a
    int binarySearch(int[],int,int) -> a
    int binarySearch(long[],int,long) -> a
    void <clinit>() -> <clinit>
android.support.v4.util.DebugUtils -> android.support.v4.util.d:
    void buildShortClassTag(java.lang.Object,java.lang.StringBuilder) -> a