android/app/build/outputs/mapping/release/usage.txt
com.vorb.BuildConfig
com.vorb.R
com.vorb.R$anim
com.vorb.R$attr
com.vorb.R$bool
com.vorb.R$color
com.vorb.R$dimen
com.vorb.R$drawable
com.vorb.R$id
com.vorb.R$integer
com.vorb.R$layout
com.vorb.R$mipmap
com.vorb.R$string
com.vorb.R$style
com.vorb.R$styleable
com.vorb.R$xml
...
android.support.drawerlayout.R$string
android.support.drawerlayout.R$style
android.support.drawerlayout.R$styleable
android.support.fragment.R
android.support.fragment.R$attr
android.support.fragment.R$color
android.support.fragment.R$dimen
android.support.fragment.R$drawable
android.support.fragment.R$id
android.support.fragment.R$integer
android.support.fragment.R$layout
android.support.fragment.R$string
android.support.fragment.R$style
android.support.fragment.R$styleable
android.support.graphics.drawable.AndroidResources:
    static final int STYLEABLE_VECTOR_DRAWABLE_ALPHA
    static final int STYLEABLE_VECTOR_DRAWABLE_AUTO_MIRRORED
    static final int STYLEABLE_VECTOR_DRAWABLE_HEIGHT
    static final int STYLEABLE_VECTOR_DRAWABLE_NAME
    static final int STYLEABLE_VECTOR_DRAWABLE_TINT
    static final int STYLEABLE_VECTOR_DRAWABLE_TINT_MODE
    static final int STYLEABLE_VECTOR_DRAWABLE_VIEWPORT_HEIGHT
    static final int STYLEABLE_VECTOR_DRAWABLE_VIEWPORT_WIDTH
    static final int STYLEABLE_VECTOR_DRAWABLE_WIDTH
    static final int STYLEABLE_VECTOR_DRAWABLE_GROUP_NAME
    static final int STYLEABLE_VECTOR_DRAWABLE_GROUP_PIVOT_X
    static final int STYLEABLE_VECTOR_DRAWABLE_GROUP_PIVOT_Y
    static final int STYLEABLE_VECTOR_DRAWABLE_GROUP_ROTATION
    static final int STYLEABLE_VECTOR_DRAWABLE_GROUP_SCALE_X
    static final int STYLEABLE_VECTOR_DRAWABLE_GROUP_SCALE_Y
    static final int STYLEABLE_VECTOR_DRAWABLE_GROUP_TRANSLATE_X
    static final int STYLEABLE_VECTOR_DRAWABLE_GROUP_TRANSLATE_Y
    static final int STYLEABLE_VECTOR_DRAWABLE_PATH_FILL_ALPHA
    static final int STYLEABLE_VECTOR_DRAWABLE_PATH_FILL_COLOR
    static final int STYLEABLE_VECTOR_DRAWABLE_PATH_NAME
    static final int STYLEABLE_VECTOR_DRAWABLE_PATH_PATH_DATA
    static final int STYLEABLE_VECTOR_DRAWABLE_PATH_STROKE_ALPHA
    static final int STYLEABLE_VECTOR_DRAWABLE_PATH_STROKE_COLOR
    static final int STYLEABLE_VECTOR_DRAWABLE_PATH_STROKE_LINE_CAP
android.support.graphics.drawable.Animatable2Compat:
    public abstract void registerAnimationCallback(android.support.graphics.drawable.Animatable2Compat$AnimationCallback)
    public abstract boolean unregisterAnimationCallback(android.support.graphics.drawable.Animatable2Compat$AnimationCallback)
    public abstract void clearAnimationCallbacks()
android.support.graphics.drawable.Animatable2Compat$AnimationCallback
android.support.graphics.drawable.Animatable2Compat$AnimationCallback$1
android.support.graphics.drawable.AnimatedVectorDrawableCompat:
    private static final java.lang.String LOGTAG
    private static final java.lang.String ANIMATED_VECTOR
    private static final java.lang.String TARGET
    private static final boolean DBG_ANIMATION_VECTOR_DRAWABLE
    android.support.graphics.drawable.AnimatedVectorDrawableCompat$AnimatedVectorDrawableDelegateState mCachedConstantStateDelegate
    212:241:public static android.support.graphics.drawable.AnimatedVectorDrawableCompat create(android.content.Context,int)
    747:747:private static boolean unregisterPlatformCallback(android.graphics.drawable.AnimatedVectorDrawable,android.support.graphics.drawable.Animatable2Compat$AnimationCallback)
    753:801:public void registerAnimationCallback(android.support.graphics.drawable.Animatable2Compat$AnimationCallback)
    810:811:private static void registerPlatformCallback(android.graphics.drawable.AnimatedVectorDrawable,android.support.graphics.drawable.Animatable2Compat$AnimationCallback)
    817:821:private void removeAnimatorSetListener()
    826:841:public boolean unregisterAnimationCallback(android.support.graphics.drawable.Animatable2Compat$AnimationCallback)
    846:857:public void clearAnimationCallbacks()
    867:879:public static void registerAnimationCallback(android.graphics.drawable.Drawable,android.support.graphics.drawable.Animatable2Compat$AnimationCallback)
android.support.graphics.drawable.AnimatedVectorDrawableCompat$2